{"/workspace/persona/src/client/components/Section/Hero/index.js": {"path":"/workspace/persona/src/client/components/Section/Hero/index.js","statementMap":{"0":{"start":{"line":5,"column":8},"end":{"line":13,"column":10}}},"fnMap":{"0":{"name":"(anonymous_0)","decl":{"start":{"line":4,"column":4},"end":{"line":4,"column":5}},"loc":{"start":{"line":4,"column":13},"end":{"line":14,"column":5}},"line":4}},"branchMap":{},"s":{"0":0},"f":{"0":0},"b":{},"_coverageSchema":"43e27e138ebf9cfc5966b082cf9a028302ed4184","hash":"9153d7e63626f09ac5bd94ef90d93e76e44ec1e2"}
,"/workspace/persona/src/client/components/app/index.js": {"path":"/workspace/persona/src/client/components/app/index.js","statementMap":{"0":{"start":{"line":5,"column":20},"end":{"line":23,"column":1}},"1":{"start":{"line":6,"column":4},"end":{"line":22,"column":5}}},"fnMap":{"0":{"name":"(anonymous_0)","decl":{"start":{"line":5,"column":20},"end":{"line":5,"column":21}},"loc":{"start":{"line":5,"column":26},"end":{"line":23,"column":1}},"line":5}},"branchMap":{},"s":{"0":1,"1":1},"f":{"0":1},"b":{},"_coverageSchema":"43e27e138ebf9cfc5966b082cf9a028302ed4184","hash":"aab21252b8ecc5ae86084a2014c9ef7c78d962c5"}
,"/workspace/persona/src/client/components/header/index.js": {"path":"/workspace/persona/src/client/components/header/index.js","statementMap":{"0":{"start":{"line":6,"column":8},"end":{"line":46,"column":10}}},"fnMap":{"0":{"name":"(anonymous_0)","decl":{"start":{"line":5,"column":4},"end":{"line":5,"column":5}},"loc":{"start":{"line":5,"column":13},"end":{"line":47,"column":5}},"line":5}},"branchMap":{},"s":{"0":0},"f":{"0":0},"b":{},"_coverageSchema":"43e27e138ebf9cfc5966b082cf9a028302ed4184","hash":"f5ce422c775a82ce0cb739e977952b4cc828e585"}
,"/workspace/persona/src/client/components/header/styles.js": {"path":"/workspace/persona/src/client/components/header/styles.js","statementMap":{"0":{"start":{"line":1,"column":22},"end":{"line":5,"column":1}}},"fnMap":{},"branchMap":{},"s":{"0":1},"f":{},"b":{},"_coverageSchema":"43e27e138ebf9cfc5966b082cf9a028302ed4184","hash":"65586abf5fefcdeb1230f20ab0325af7315e99d8"}
}
